<?xml version="1.0" encoding="UTF-8"?>
<!-- Generated by org.testng.reporters.JUnitReportReporter -->
<testsuite hostname="LAPTOP-GUS8QTCP" failures="0" tests="1" name="runner.MasterRunnerTest" time="12.798" errors="0" timestamp="2022-07-20T06:33:28 WIB" skipped="0">
  <testcase classname="runner.MasterRunnerTest" name="runScenario" time="12.798"/>
  <system-out/>
</testsuite> <!-- runner.MasterRunnerTest -->
